THE METADATA HAVE BEEN SUCCESSFULLY IMPORTED


Import: reading data

Import: checking data integrity

Import: analyzing changes

Import: waiting for connections to close

Import: applying changes to the database

CREATE TABLE "TRAINING_STAFF"
(
"ID" INTEGER PRIMARY KEY,
"DELETED" INTEGER,
"FIRST_NAME" TEXT,
"SURNAME" TEXT,
"STAFF_NUMBER" TEXT,
"ROLE" INTEGER,
"DEPARTMENT" INTEGER,
"ANTENNA_ACCESS" INTEGER,
"EX_EMPLOYEE" INTEGER)

CREATE TABLE "TRAINING_ROLES"
(
"ID" INTEGER PRIMARY KEY,
"DELETED" INTEGER,
"ROLE" TEXT,
"BAND" TEXT,
"SHADOW_BAND" TEXT)

CREATE TABLE "TRAINING_DEPARTMENTS"
(
"ID" INTEGER PRIMARY KEY,
"DELETED" INTEGER,
"DEPARTMENT" TEXT)

CREATE TABLE "TRAINING_GRADES"
(
"ID" INTEGER PRIMARY KEY,
"DELETED" INTEGER,
"GRADE" TEXT,
"LEVEL" INTEGER)

CREATE TABLE "TRAINING_COHORTS"
(
"ID" INTEGER PRIMARY KEY,
"DELETED" INTEGER,
"COHORT" TEXT,
"COHORT_INDEX" TEXT,
"NOTES" TEXT,
"COHORT_TYPE" INTEGER)

CREATE TABLE "TRAINING_COHORT_TYPES"
(
"ID" INTEGER PRIMARY KEY,
"DELETED" INTEGER,
"COHORT_TYPE" TEXT)

CREATE TABLE "TRAINING_MODULE_CATEGORIES"
(
"ID" INTEGER PRIMARY KEY,
"DELETED" INTEGER,
"CATEGORY" TEXT)

CREATE TABLE "TRAINING_STAFF_COHORTS"
(
"ID" INTEGER PRIMARY KEY,
"DELETED" INTEGER,
"MASTER_ID" INTEGER,
"MASTER_REC_ID" INTEGER,
"COHORT_INDEX" INTEGER,
"STAFF_NUMBER" INTEGER)

CREATE TABLE "TRAINING_LOG"
(
"ID" INTEGER PRIMARY KEY,
"DELETED" INTEGER,
"MASTER_ID" INTEGER,
"MASTER_REC_ID" INTEGER,
"DATE" TEXT,
"COMPLETE" INTEGER,
"STAFF_NUMBER" INTEGER,
"MODULE" INTEGER)

CREATE TABLE "TRAINING_MODULES"
(
"ID" INTEGER PRIMARY KEY,
"DELETED" INTEGER,
"MODULE_ID" TEXT,
"MODULE" TEXT,
"CURRENT" INTEGER,
"END_DATE" TEXT,
"CATEGORY" INTEGER,
"GRADE" INTEGER,
"DESCRIPTION" TEXT,
"SUPERCEDED_BY" TEXT,
"VERSION" TEXT)

CREATE TABLE "TRAINING_STAFF_NOTES"
(
"ID" INTEGER PRIMARY KEY,
"DELETED" INTEGER,
"MASTER_ID" INTEGER,
"MASTER_REC_ID" INTEGER,
"NOTE" TEXT,
"DATE" TEXT)

CREATE TABLE "TRAINING_USERS"
(
"DELETED" INTEGER,
"ID" INTEGER PRIMARY KEY,
"LOGIN" TEXT,
"NAME" TEXT,
"PASSWORD" TEXT,
"PASSWORD_HASH" TEXT,
"ROLE" INTEGER)

CREATE TABLE "TRAINING_HISTORY"
(
"ITEM_ID" INTEGER,
"ITEM_REC_ID" INTEGER,
"OPERATION" INTEGER,
"CHANGES" TEXT,
"USER" TEXT,
"DATE" TEXT)

CREATE TABLE "TRAINING_COMPETENCIES"
(
"ID" INTEGER PRIMARY KEY,
"DELETED" INTEGER,
"COMPETENCY" TEXT,
"END_DATE" TEXT,
"VERSION" TEXT,
"TIMED_EXPIRATION" INTEGER,
"EXPIRATION_DAYS" INTEGER,
"DISCIPLINE" INTEGER)

CREATE TABLE "TRAINING_COMPETENCY_DISCIPLINES"
(
"ID" INTEGER PRIMARY KEY,
"DELETED" INTEGER,
"DISCIPLINE" TEXT,
"RANKING" INTEGER)

CREATE TABLE "TRAINING_COMPETENCY_TRANSCRIPT"
(
"ID" INTEGER PRIMARY KEY,
"DELETED" INTEGER,
"MASTER_ID" INTEGER,
"MASTER_REC_ID" INTEGER,
"COMPETENCY" INTEGER,
"STAFF_NUMBER" INTEGER,
"START_DATE" TEXT,
"END_DATE" TEXT,
"ASSESSOR_REVIEWER" INTEGER,
"ASSESSOR_NAME" TEXT,
"NOTES" TEXT,
"EVIDENCE" TEXT,
"STATUS" INTEGER)

CREATE TABLE "TRAINING_COMPETENCY_STATUS"
(
"ID" INTEGER PRIMARY KEY,
"DELETED" INTEGER,
"STATUS" TEXT,
"DESCRIPTION" TEXT)

CREATE  INDEX "TRAINING_STAFF_COHOR_DETAIL_IDX" ON "TRAINING_STAFF_COHORTS" ("MASTER_ID" , "MASTER_REC_ID" )
CREATE  INDEX "TRAINING_TRAINING_LO_DETAIL_IDX" ON "TRAINING_LOG" ("MASTER_ID" , "MASTER_REC_ID" )
CREATE  INDEX "TRAINING_STAFF_NOTES_DETAIL_IDX" ON "TRAINING_STAFF_NOTES" ("MASTER_ID" , "MASTER_REC_ID" )
CREATE  INDEX "TRAINING_HISTORY_IDX" ON "TRAINING_HISTORY" ("ITEM_ID" , "ITEM_REC_ID" )
CREATE  INDEX "TRAINING_COMPETENCY__DETAIL_IDX" ON "TRAINING_COMPETENCY_TRANSCRIPT" ("MASTER_ID" , "MASTER_REC_ID" )
Import: applying changes to admin.sqlite

Import: copying files
